<?xml version="1.0" encoding="UTF-8"?>
<!-- Generated by org.testng.reporters.JUnitReportReporter -->
<testsuite hostname="TOBIAS" name="com.nativeapps.homeowner.tests.PostaJobTest" tests="1" failures="0" timestamp="6 Nov 2014 16:59:24 GMT" time="64.946" errors="0">
  <testcase name="postaJobTest" time="64.946" classname="com.nativeapps.homeowner.tests.PostaJobTest"/>
</testsuite> <!-- com.nativeapps.homeowner.tests.PostaJobTest -->
